clamav: 00fda472cb4d1ff4d84ee093d4149f93: W32.Virut-54 FOUND
clamav: 013f5083bbf260abb2e1404a12c67bc3: Worm.Padobot.M FOUND
clamav: 019d47fc42901cc8f6b23bd7fe9003a2: W32.Virut-54 FOUND
clamav: 01c4a6b3eb3c2e63a9508f535993836f: Trojan.Small-4287 FOUND
clamav: 048b720afe56df080ac965ddfe991efb: Worm.Padobot.N FOUND
clamav: 04b83f4c3dec974cc896215426edbddf: W32.Virtob FOUND
clamav: 04d4170d3b5535206db00748ab142945: Worm.Padobot.N FOUND
clamav: 05082a98935fa6b9c8317d31f7cbbf17: Worm.Padobot.M FOUND
clamav: 05f2989900ddb8ed4771a3d83bc48f81: W32.Virut-54 FOUND
clamav: 072bf44914e9de8f765bc2e32a4d58f9: Worm.Padobot.M FOUND
clamav: 074d30a7f7295e9a3ed1e46944598d50: Worm.Padobot.M FOUND
clamav: 079642b8c1df2304f0f26c3a3b57b568: Worm.Padobot.N FOUND
clamav: 082572b94b8d35abcc27ac55a5e7ef60: Worm.Padobot.M FOUND
clamav: 088e612476372342fa8bd7421309eba7: Worm.Padobot.M FOUND
clamav: 08c656c24b6c6078035c82111850d1e7: Worm.Padobot.M FOUND
clamav: 0ab0d85629dfc80c4ed795b71dd78657: W32.Virut-54 FOUND
clamav: 0ba4ed50726cad91c7c6ec4615651315: Trojan.Small-4287 FOUND
clamav: 0c38af69f46e425342bd28ddebe430da: W32.Virut-54 FOUND
clamav: 0c3e031d4ae19fd09a7de0964291df52: W32.Virut-54 FOUND
clamav: 0c5368e5d03688ed4cad2668e4278a83: W32.Virut-54 FOUND
clamav: 0c54f1846349ddcd864994da78ac7868: Worm.Padobot.M FOUND
clamav: 0c6e68a34804df907df26d7139b1f052: W32.Virut-5 FOUND
clamav: 0c9651c7a5b3421f3c1395de29af08cd: Worm.Padobot.M FOUND
clamav: 0cee797e1f12e29e56d064ce69be7920: W32.Virtob FOUND
clamav: 0cfab9961285ab6e04f449c6d09cec37: Worm.Padobot.P FOUND
clamav: 0d1eb4df791c00aff4fc8ca7e5978a24: Worm.Padobot.M FOUND
clamav: 0d2b38239e2e246fe4e4a76712264907: Worm.Padobot.M FOUND
clamav: 0d303d3cba5a0e6d2d71b76b8c4c2f8c: Worm.Padobot.M FOUND
clamav: 0d34cbe94e73073407796d80152a36b0: Trojan.Small-4287 FOUND
clamav: 0de2083e453e1894cbcb85236ca46e30: Trojan.Small-4287 FOUND
clamav: 0f6db528b261db5176e7a9d3a3c039b8: W32.Virut-54 FOUND
clamav: 0f74a58af435599ec94eff2b72d5e55e: W32.Virut-54 FOUND
clamav: 0f77d6439f0d7d128cf9ebd891f98457: W32.Virut-54 FOUND
clamav: 0fcbab1465fe30fd469db43edf125097: W32.Kashu FOUND
clamav: 0feae931ee71a495614f14f3c1d37246: Trojan.Mybot-5073 FOUND
clamav: 1009ea3d6fab96c09204370d89f39bce: Trojan.Small-4287 FOUND
clamav: 1096ba143e74853c39fdc1caa8b54782: W32.Virut-54 FOUND
clamav: 109d7aaa6c680ce7765dda2aa6a089a6: Worm.Padobot.M FOUND
clamav: 10b6503f3ed1f2d0d253dadb2041503b: Worm.Padobot.M FOUND
clamav: 123c0e2b726b6f766ad2667d17b25f57: W32.Virut-54 FOUND
clamav: 12f57be6170c17783b3eb51d26b31337: Worm.Padobot.M FOUND
clamav: 14088fe22e38dd0336ab1a60cc9dc992: W32.Virut-54 FOUND
clamav: 14745df42e6b30493db01acc354447a7: W32.Virut-54 FOUND
clamav: 14d265a635e94544bf875996b7ffa7de: Trojan.Small-4287 FOUND
clamav: 15115098670d110c7879f5af0fc6025a: Worm.Padobot.M FOUND
clamav: 1511a3f21964359207230f4215f277a0: W32.Virut-54 FOUND
clamav: 15745f8f502dd3c468925e9796fc0d34: Worm.Padobot.M FOUND
clamav: 158899fbd0cb8168a07e81a221ebb881: Worm.Padobot.M FOUND
clamav: 15ff424c624564201227049a985171d8: Worm.Padobot.M FOUND
clamav: 167f7da3a584be6f70194baba9bb2951: W32.Virut-54 FOUND
clamav: 169a5d5c8462c6d94059b99a5ccdee0f: W32.Virut-54 FOUND
clamav: 16de154721e65e32e942570f47351044: Worm.Padobot.M FOUND
clamav: 16df3f0af91dc6ad9970b50b197e63f2: W32.Virut-54 FOUND
clamav: 17978bf5c97eb9e3457dfffd903ca853: Trojan.Mybot-5073 FOUND
clamav: 17aa9b374697e71e6fa2da37b19c53f1: Worm.Padobot.M FOUND
clamav: 18069de9ed354a402b18a4c565add153: W32.Virut-54 FOUND
clamav: 18747ad5c44d8af2ae2a63cdb6892c05: Trojan.Mybot-5073 FOUND
clamav: 1919a60fa72b96e915e7f366cdb076ed: Worm.Padobot.M FOUND
clamav: 193f70f0adb236780700bcdcad0bc409: Trojan.Small-4287 FOUND
clamav: 194a3a1b0f523f6200fa768649b467d7: Worm.Korgo.Y FOUND
clamav: 19603f9611d715f1960f811e15f954e7: Worm.Padobot.N FOUND
clamav: 1a3cd151eb9508cd53d398b5835fcd81: W32.Virut-54 FOUND
clamav: 1ad54f8681dc58f36ea33929dbf7131d: W32.Virut-54 FOUND
clamav: 1b9a91964b6f058f0c9eecba9c08c3fd: Trojan.Small-4287 FOUND
clamav: 1bd859128f578c6c5610db33fb436ae2: Worm.Padobot.M FOUND
clamav: 1d0ce31c6d7129a74e2921e8d161c752: W32.Virut-54 FOUND
clamav: 1d0e1d37f74aa95cb4d0e8377fa50c52: Worm.Padobot.M FOUND
clamav: 1d1360edc3f57c5d3b56075ca08ff173: Trojan.Small-4287 FOUND
clamav: 1d419d615dbe5a238bbaa569b3829a23: Trojan.SdBot-9861 FOUND
clamav: 1de42f7739e45c6ffa09213330bc25d9: Trojan.Small-4287 FOUND
clamav: 1def081a1c14d32e84c8bbd5c6ef67be: W32.Virut-54 FOUND
clamav: 1f00cc00e65929cf1a9472ac5b020aa3: Worm.Padobot.N FOUND
clamav: 1f465c7eda1f9fa7a2616a30ed004c76: Worm.Padobot.M FOUND
clamav: 1f6bcbaaefaec970de211d47c7c57854: Worm.Padobot.M FOUND
clamav: 2044b2416f9602a650a9688d1fb51b72: Worm.Padobot.M FOUND
clamav: 20bbad8a111c5150019b957d60fc2595: Worm.Padobot.M FOUND
clamav: 213005cee3501e20ba4c325026b6f679: Worm.Korgo.Y FOUND
clamav: 2188a98ccaf842ad513010b31484d048: Worm.Padobot.M FOUND
clamav: 219639bd5dac644b91643c06f0af7445: W32.Virut-54 FOUND
clamav: 222dc1d0bf4cb30cc55464b86ddd0550: Worm.Padobot.M FOUND
clamav: 22340630acb15a93e4f1aff0741ec182: W32.Virut-54 FOUND
clamav: 23c51a7a5eeaaac9cc6157896f0c955f: Worm.Padobot.M FOUND
clamav: 2422e3d0afb9b03942721855dfbb075a: Trojan.Small-4287 FOUND
clamav: 247ca46cdea44c97d018d9575e783ffe: Trojan.Small-4287 FOUND
clamav: 24e8de6cb211d9efd05ab05c8789aa94: W32.Virut-54 FOUND
clamav: 257892234dd8e712a6e8263f0574365e: W32.Virut-54 FOUND
clamav: 25ed2b447e4d1c03d46551d5490efb47: W32.Virut-54 FOUND
clamav: 2622377033e644154882063644a1a1ec: W32.Virut-54 FOUND
clamav: 267b33fd90b506e2f33a213932d27f32: Worm.Padobot.N FOUND
clamav: 269254d719c2be2604a6f254f2a65fcc: Trojan.Small-4287 FOUND
clamav: 269ce49eb21ee87b29e02b60f828def8: Trojan.Small-4287 FOUND
clamav: 26a2326f1e7b6283a8bc0a02cf7599a8: W32.Virut-54 FOUND
clamav: 26afabae8276451467689d65be378ad4: W32.Virut-54 FOUND
clamav: 26e792b46ee01a5734b3a4226fb4b6b6: W32.Virut-54 FOUND
clamav: 270fa009a3affd5b18317fcbeefe70d9: W32.Virut-54 FOUND
clamav: 2779336c93cbe563bec5e0a26aa297b9: Worm.Padobot.M FOUND
clamav: 2789d8d2ca58427f18a9c2a5b4eb6a10: W32.Virut-54 FOUND
clamav: 278cf6127f3540dff292e8ff8732393c: Worm.Padobot.M FOUND
clamav: 283970c2d1ba004e306a45554bd61f5b: Worm.Padobot.N FOUND
clamav: 285b5c346cb6b9652c4ba410bc9320d5: W32.Virut-54 FOUND
clamav: 28b6ed4da46c58733ecf34f072a5fe2c: W32.Virut-54 FOUND
clamav: 28f2ecc4cd111c9354a58a08b2031e2b: Worm.Padobot.M FOUND
clamav: 29af3321de306b91e89309f90e5a61ca: Trojan.Small-4287 FOUND
clamav: 2a13449a7c84f31c2585935ffc7d7ee9: Trojan.Small-4287 FOUND
clamav: 2a75651cdeeaba115f6dc4b048919e73: W32.Sality.J FOUND
clamav: 2acefaf1dc945ebbd16a29ff42c1c1ff: Trojan.Small-4287 FOUND
clamav: 2b3d6d1565fb83ea339c3accabc4f0c0: Worm.Padobot.N FOUND
clamav: 2c6088b9637f08f7dfd121e7226db539: Worm.Padobot.M FOUND
clamav: 2c94e3fd00552d2bfd317b93b0f977a8: Trojan.Small-4287 FOUND
clamav: 2dcd9c9c49c1ff80e35c5f1160d85d63: Trojan.Small-4287 FOUND
clamav: 2dd03ed7ee6334644c0061f9d80f84cb: W32.Virut-54 FOUND
clamav: 2e8bb50e909cc496869dd29b0ee5e22c: Trojan.Crypt-106 FOUND
clamav: 2ec342dbb46158ed9f04b2b803dc39ca: W32.Virut-54 FOUND
clamav: 2f1693e9196fcd296439ce19a11e8ce4: W32.Virut-54 FOUND
clamav: 2f53ff4a07d89d7518dd16491d4092c3: W32.Virut-54 FOUND
clamav: 2f6cab0a725fc653de4d1958057f6a11: Trojan.Small-4287 FOUND
clamav: 2fb42f775ac47e01098f751ae39f5cfb: Trojan.Small-4287 FOUND
clamav: 3012f51affa084fb28dded068abf4601: Worm.Padobot.M FOUND
clamav: 30bb8b12f295788495cd2b8afa042952: W32.Sality FOUND
clamav: 313ba4bb36afe885b1cfaeac75e63d0a: Trojan.Small-4287 FOUND
clamav: 31e6f703ff92f0d25a588984989ddc07: Worm.Padobot.M FOUND
clamav: 33ffb2cb88d90c9e32317348db320d69: Worm.Padobot.M FOUND
clamav: 352bbe713fbbe0b4fc84a00fba18fa94: Worm.Padobot.M FOUND
clamav: 353e376e502f7370393131e363c96884: Worm.Padobot.M FOUND
clamav: 35abd9e1a8c1afd38ac6ea03de643f4a: Worm.Padobot.M FOUND
clamav: 35dcb786f367c0c9f25a1b32179dffdf: Trojan.Perl.Shellbot-2 FOUND
clamav: 35ebea0d1d72b1b9bcef5bd7edb0c16c: Worm.Padobot.M FOUND
clamav: 36af6cc4ab637397e7808486fca3d2da: Worm.Padobot.N FOUND
clamav: 36b7b476132691ce9a37be7c4c4067ca: Worm.Padobot.N FOUND
clamav: 36ce9f2c486e659f90b1e8bc429fba60: Worm.Padobot.M FOUND
clamav: 38f513105abd888613a06c2369f835e3: W32.Virut-54 FOUND
clamav: 396e98cea6e97b7ba56d1de728874dd9: Worm.Padobot.M FOUND
clamav: 39771891331f0ec6459645875c89a1f1: Trojan.Small-4287 FOUND
clamav: 39d42dbc9a25a97fdea3067ad5216c69: Worm.Padobot.M FOUND
clamav: 3a6b23d123a40e0889aa7d885ae9869f: Worm.Padobot.N FOUND
clamav: 3ae357d17b1d2e0174bf477c28422c29: Worm.Korgo.Y FOUND
clamav: 3aeedd9a762f524d2ac2ebfe88d39476: W32.Virut-54 FOUND
clamav: 3bb58142f4e823305fcb6f8901741bf1: W32.Virut-54 FOUND
clamav: 3c237b74b8dc9453f3ec728f1a38a0ac: Worm.Padobot.M FOUND
clamav: 3c2bbad98d3824ebf5b64cbbd040c770: Trojan.Small-4287 FOUND
clamav: 3cd164adddeaa3effa6e1705d4125636: W32.Virut-54 FOUND
clamav: 3d68a68f96b00e843d2d2b794f858a5c: Worm.Padobot.M FOUND
clamav: 3df86eba8537c505f284e8cf1716b534: Worm.Korgo.AJ FOUND
clamav: 3e86234412087391456ffab00c778e94: W32.Virut-54 FOUND
clamav: 3f43fe2c11565fb05d1837ee3dabb010: Trojan.Small-4287 FOUND
clamav: 3fa8029116a54d221169554d3461df3f: W32.Virut-54 FOUND
clamav: 40c2d83c4cc42a8403ace9c3f6d8806c: Worm.Padobot.M FOUND
clamav: 412a3c6dfe71ec89f91dc3e55bbffa12: Worm.Padobot.M FOUND
clamav: 412fbddccadf14a957bf3a2744f3a2b9: Worm.Padobot.M FOUND
clamav: 41c08efb988f0dfd27c0b0789d54c5dc: Worm.Padobot.M FOUND
clamav: 420b1a76c4dd2ffcad91cc1415a974cd: Trojan.Small-4287 FOUND
clamav: 425f9648c07d635fc0f7175f735b109e: Worm.Padobot.M FOUND
clamav: 42c549538f2d504bd456697ca7a12ea8: Worm.Padobot.M FOUND
clamav: 43388a1088bbb78ca11744138cc89580: Worm.Korgo.P FOUND
clamav: 44c9fc1c43ba90267294eac005a344fe: Worm.Padobot.M FOUND
clamav: 44f0c65156388cef34b269ee4e9fa591: Worm.Padobot.M FOUND
clamav: 458af8c7ae2d3300d3a7805e9404b19a: W32.Virut-54 FOUND
clamav: 45e4be0944b2ef7b46c9c2b74c5ac1fa: Worm.Padobot.M FOUND
clamav: 4699442d69f225e8a0668528a4a9c989: W32.Virut-54 FOUND
clamav: 46c449c624986c662975c0011512cb36: Worm.Padobot.M FOUND
clamav: 473319957b00e7c939fe608474d08309: Worm.Padobot.M FOUND
clamav: 476fdbf8f0c71290ae7991f4a4551fca: Worm.Padobot.M FOUND
clamav: 488d27fe978a88f8bf4b0d3e173fb62e: Worm.Padobot.M FOUND
clamav: 489b0fe5d55fa0911458ae6e03e77f09: Worm.Padobot.M FOUND
clamav: 48d88335f42c89906e2c26e1bfe72432: Worm.Padobot.M FOUND
clamav: 48ebc3d2537d02dba1e154b35f377b96: Worm.Padobot.M FOUND
clamav: 49275d6b7d86614740fd52fe05fbb2fc: Trojan.SdBot-9861 FOUND
clamav: 4aa9b2104ac7c7602c4258a0f7ce2b44: W32.Virut-54 FOUND
clamav: 4b4f689d1c2d39784b0c3909d0aedd15: Worm.Padobot.M FOUND
clamav: 4bde5f68a7ff6adf051d73934425ca1c: Worm.Padobot.M FOUND
clamav: 4c84b1218ed048001e48e37c66b222ad: Trojan.Mybot-5073 FOUND
clamav: 4d4317e1e195f8fda27d7c101c36facc: Worm.Padobot.N FOUND
clamav: 4dc7c99e432f9095f4ba2938ca2a9d49: Worm.Padobot.M FOUND
clamav: 4dddadafb839ad4f67e09575ca80932c: Worm.Padobot.N FOUND
clamav: 4e95a14ebfa3b41d54cf757a294bc6af: Worm.Padobot.M FOUND
clamav: 4f0b7731cbe259721b6070cf7ff665ea: Worm.Padobot.M FOUND
clamav: 4fb3baf32d89a14162571eaa39422a21: Trojan.Small-4287 FOUND
clamav: 4fb872b3d8d3bf2d2f58ba2efe7ffa5a: W32.Virut-54 FOUND
clamav: 500518ab727b87244f730ec4ec7e56b1: W32.Virtob FOUND
clamav: 50c920d4613cd7571a9a8b8124a8ed78: Worm.Padobot.N FOUND
clamav: 50e1dea41092d8ad8f8e5f28a29517de: W32.Virut-54 FOUND
clamav: 511aa6021c327ebebc18596e6a31eef1: W32.Virut-54 FOUND
clamav: 522cc94f24dfc03cbd28db2cb19e5432: Worm.Padobot.M FOUND
clamav: 52592f7cb57325e9515b45acb880adff: W32.Virut-54 FOUND
clamav: 5277c5a28c9df178ca597471be0e5319: Worm.Padobot.M FOUND
clamav: 52ebe4146fb1ee6c3c84e5b3f0d0e953: Worm.Padobot.M FOUND
clamav: 5309ec15c826b132b534b2934703c4ed: W32.Virut-54 FOUND
clamav: 531d8ab2b81fec57f688adfcbdb60834: W32.Virut-54 FOUND
clamav: 535ef5e8fe62f5ebd89a4027b20d0a0f: W32.Virtob FOUND
clamav: 539a5437ccce32250303db172392e896: Worm.Padobot.M FOUND
clamav: 5489167cb63c6c147d19b83241e75a26: W32.Virut-54 FOUND
clamav: 54f72d882e24287156e280048f6b2f43: Worm.Padobot.M FOUND
clamav: 5530b03ff53ba019ddb034a47873ec9c: W32.Virut-54 FOUND
clamav: 574882050f585b507c563dc2eb535a21: Trojan.Small-4287 FOUND
clamav: 57d9829b6a6b4de700f2a968e6606791: Worm.Padobot.M FOUND
clamav: 5808875f1f113650fd39a98a02515c73: Worm.Padobot.M FOUND
clamav: 58180230618a90a3d48af89d064e0d79: Worm.Padobot.P FOUND
clamav: 5865b09945ae3e6aa784634b26fb47d6: Trojan.Small-4287 FOUND
clamav: 58927a46f4451d25d254c0a7efdb2e8c: W32.Virut-54 FOUND
clamav: 59bb36240700f40df051bfb20a371109: Trojan.Small-4287 FOUND
clamav: 5a694ae96ba062bf1abaf35d26c94e3e: Worm.Padobot.N FOUND
clamav: 5aa8956722532152186197f932541e87: W32.Virut-54 FOUND
clamav: 5ad2fb77c9aa957f68c184e83ed21711: Worm.Padobot.M FOUND
clamav: 5bc726b1d17f0dc4c0e7bd1f17c15a77: Worm.Padobot.M FOUND
clamav: 5c0d35f1213bc4901c6d03719ac46b83: W32.Virut-54 FOUND
clamav: 5c6df5141df52285213f2fbfb0131726: W32.Virut-54 FOUND
clamav: 5d65682f8acef388ccaf1026f96442ed: Trojan.Small-4287 FOUND
clamav: 5d8d87d46949f52a58d6c18c86c6054a: Worm.Padobot.M FOUND
clamav: 5dbc9f88ca1af7e516c7653f73ba3847: Worm.Padobot.N FOUND
clamav: 5de03b6c3d7b6d7670550d32ce0ade25: W32.Virut-54 FOUND
clamav: 5de871531b9082b03dbcd581b1712d17: Worm.Padobot.M FOUND
clamav: 5df33c8d312d5349b1c8dd1dcde7f764: Worm.Padobot.M FOUND
clamav: 5e48f35100aff86c878b153b364b9cc2: W32.Virut-54 FOUND
clamav: 5e7d217176b2f8e444e55f0a018e3835: Worm.Korgo.Y FOUND
clamav: 5e8ccc4190f86e783d9c5b9f1388c934: W32.Virut-54 FOUND
clamav: 5f186aa322ad48ae0973ddc3bbeddce7: W32.Virut-54 FOUND
clamav: 5f7f45832c7253c3f15c99664b2ed57e: Worm.Padobot.M FOUND
clamav: 5fbe86a636cb5681316b4862a08f3198: Worm.Padobot.M FOUND
clamav: 6023854c6ad82f9fdf9b0aab44c14269: W32.Virut-54 FOUND
clamav: 60c4a8055b75c25d60932d1e6c34e05a: Worm.Padobot.M FOUND
clamav: 618eb5ba49227eab82d68311dd809b67: Worm.Padobot.M FOUND
clamav: 61f7fc2295b1a8b968875cde1259e4c0: W32.Virut-4 FOUND
clamav: 64559044355d19ec6a86377759bce325: Trojan.Small-4287 FOUND
clamav: 64d2ddff5364231f61197e608b229840: Worm.Padobot.M FOUND
clamav: 65db8c1d0df0e9d02dc59120a13bb576: W32.Virut-54 FOUND
clamav: 65f85cc2796baf2615f043ab04955aa0: Worm.Padobot.M FOUND
clamav: 66a7e9abab36e18bff69a7f1b9551689: W32.Virut-54 FOUND
clamav: 674bd42e98187200e1a5995a481b75b4: Trojan.Perl.Shellbot-2 FOUND
clamav: 67db574df493cb62eee020ce7a153c57: W32.Virut-54 FOUND
clamav: 684db07fa3e8684d22738817b690ce41: W32.Virut-54 FOUND
clamav: 6c462d3955bbdc367c9ba0b6fef1cfe4: W32.Virut-54 FOUND
clamav: 6c56402f1b3d978894c748513a4bf064: Worm.Korgo.P FOUND
clamav: 6c7154fbddcda8709f0fbec062ce6919: Worm.Padobot.M FOUND
clamav: 6cedecd7ef71c106fce80fd1dff02c8e: Worm.Padobot.N FOUND
clamav: 6d6ff7956295f32c2e88385dc321e9fe: Worm.Padobot.M FOUND
clamav: 6db85346cb3210e089369c8c76e20107: Worm.Padobot.M FOUND
clamav: 6e40e2586d6c267275e81c8869c3004c: W32.Virut-54 FOUND
clamav: 6e9e655f3c04fb71047ca20dd4be3273: Worm.Padobot.P FOUND
clamav: 6f43af423ac670717a91779d0cea2dfc: Worm.Padobot.N FOUND
clamav: 6ffc4847e489b2f2a0ed83743e267a34: W32.Virut-54 FOUND
clamav: 7005fde006017b05d2ca7cc55de3a7e3: W32.Virut-54 FOUND
clamav: 702f95d1134be07c703a37a80665feaa: Trojan.Small-4287 FOUND
clamav: 70ab9a15e031e7e33025bb15165322b9: Worm.Padobot.M FOUND
clamav: 7122f3173c77368ebe00e5d48b2471a9: Worm.Padobot.M FOUND
clamav: 712bcf9f8a2cd38fa3fb63f90b9f6d74: Trojan.Small-4287 FOUND
clamav: 71f056eaee8c7ee03526ce0dc88be7fb: W32.Virut-54 FOUND
clamav: 72b38501906960abfaf8dda484c22b1c: Trojan.Small-4287 FOUND
clamav: 72b38f8102957ccb9d1d31a2ee532e8a: Worm.Padobot.M FOUND
clamav: 730ffaf1da4064a38a332fe4e908f4c3: Worm.Padobot.M FOUND
clamav: 735d25139c9079832e2d9055bc8e07d0: Worm.Padobot.N FOUND
clamav: 73884cc88d984b22b85bd506d1a4e763: Worm.Padobot.N FOUND
clamav: 7411bb01f178c669dd512d6b63167260: W32.Virut-54 FOUND
clamav: 751685117feb47c0ce9816678491f6f4: W32.Virut-54 FOUND
clamav: 7517bf43d15548796b370ead25e5f451: W32.Virut-54 FOUND
clamav: 754dc539f67e3bdef4803387a38d2bd2: Worm.Padobot.M FOUND
clamav: 75a358c05d0bfdfab05803c5cb005650: Trojan.Small-4287 FOUND
clamav: 75a57521b78a0d5247c0f58fa68f40ed: Worm.Padobot.N FOUND
clamav: 75b51eb0800bd85d0a75edb871dceaa5: Worm.Padobot.M FOUND
clamav: 75c017ef4f2c47bffd0ab41133f42aec: W32.Virut-54 FOUND
clamav: 761989a85d4ba9e46745597d5ebc73db: W32.Virut-54 FOUND
clamav: 772ea7542b2dca3f44927470e90a6263: Worm.Korgo.N FOUND
clamav: 79abfc94b7e7ada16e54dcd035ee1cda: W32.Virut-54 FOUND
clamav: 7a3dc969d4ad2f41ecedbbab9bff0bad: W32.Virut-54 FOUND
clamav: 7b3bf4281fcad1303c13440343ba9c50: Trojan.Small-4287 FOUND
clamav: 7bb60c6f07cfa3b6d829d869e9d8b2d2: Worm.Padobot.M FOUND
clamav: 7be0e5a690c8542ee236ec4d1154c44c: W32.Virut-54 FOUND
clamav: 7cd01b994070acd06bbbd8c3d81f657c: W32.Virut.ci FOUND
clamav: 7d7e370f82480a87bcb4799fb57791f8: W32.Virut-54 FOUND
clamav: 7d87813024edb8f8af0f228386657bdc: W32.Virut-54 FOUND
clamav: 7d8d537ef9235f22637161dbd5cf860c: Worm.Padobot.M FOUND
clamav: 7d99b0e9108065ad5700a899a1fe3441: Worm.Padobot.M FOUND
clamav: 7e7a9115ba40468e57bf29ace6fdb046: Worm.Padobot.M FOUND
clamav: 7eb0381690d49cba2496105e3abb05d5: Trojan.Small-4287 FOUND
clamav: 7f60162c2c0bd2cc7531e51328e98290: Worm.Padobot.N FOUND
clamav: 7f72e14099417d858a25d446bff0c15f: Worm.Padobot.M FOUND
clamav: 7f7680b438f14d16f08131ae82748982: Worm.Padobot.M FOUND
clamav: 80159a51c52b3f87e5f9dbdd3c3c4a09: Worm.Padobot.M FOUND
clamav: 80dd456aae8aa259add2dcaead834bb0: Worm.Padobot.M FOUND
clamav: 8111297a53c6be183b5c7e711db88a34: Worm.Padobot.M FOUND
clamav: 81189fb7be77c636f171de57c19d2173: Worm.Padobot.M FOUND
clamav: 818bbfa2158c4644a6038dc2d0cc4cb0: Worm.Padobot.M FOUND
clamav: 81f992e9f799d62864f4404265ef0074: Worm.Padobot.M FOUND
clamav: 82390d150c0de824626fdae01c831c53: W32.Virut-54 FOUND
clamav: 825dd0bd1b8b2ec3909c1f81f3726a54: Trojan.Small-4287 FOUND
clamav: 831731ac0b6425fcfd5e28106ab548b5: Worm.Padobot.M FOUND
clamav: 833cda5b5bef5989deb6bf57c557ce30: Trojan.SdBot-9861 FOUND
clamav: 843d3058637d32f28f5e07c6fd5fd516: Worm.Padobot.M FOUND
clamav: 848930fc24299aeabb6f813c82a91a58: Worm.Padobot.M FOUND
clamav: 8689eac5d3e49675bcf455169719eba1: W32.Virut-54 FOUND
clamav: 869205304d67777b9f500db9cf1261c6: W32.Virut-54 FOUND
clamav: 8697d12974f667ce03269952e7d42add: W32.Virut-21 FOUND
clamav: 86ba17986b44ad63daf5d515c6ceaf91: Worm.Padobot.M FOUND
clamav: 873c3fb0b3b0e96ac4a757e05840c599: W32.Virut-54 FOUND
clamav: 87c3a40a50673b2df5b07b8dba8a1e0e: Worm.Padobot.M FOUND
clamav: 88de3fcbba96523877da14b1c0a02941: Worm.Padobot.M FOUND
clamav: 88ef3a1429929246c3ceb508cc5cd9c3: Worm.Padobot.M FOUND
clamav: 88f3393e20d30718963986ee7a934d51: W32.Virut-54 FOUND
clamav: 897a0b4c3d81ecd2376a4bf23c02df21: Trojan.Small-4287 FOUND
clamav: 89926c676f8d5269e4148ecfb63984e7: Trojan.Small-4287 FOUND
clamav: 8a2553433c76ccd056bb3c901f9c5f32: Worm.Padobot.M FOUND
clamav: 8a58edc418ebefa49116f18cba52d18c: W32.Virut-54 FOUND
clamav: 8a7a5ff6ae72d4872001607902881ee9: W32.Virut-54 FOUND
clamav: 8adbf408eba4a29c58cc36e700c59234: W32.Virut-54 FOUND
clamav: 8ae2cc2e80cee23175b5afefa8274173: Worm.Korgo.AJ FOUND
clamav: 8ae98f5103a24e501046898373a9d453: Worm.Korgo.Y FOUND
clamav: 8c6a69cc81843aed4b6493436a6802d3: W32.Virut-54 FOUND
clamav: 8cb557e0c48c632e39498b5d0595976c: Trojan.Mybot-5073 FOUND
clamav: 8dedaa0b70dee5523ecf8dd1ebeac639: W32.Sality FOUND
clamav: 8e7ffd9fdc00083ac7230d410c3f6b17: Worm.Padobot.M FOUND
clamav: 8f619296d3e921fc453719de34bc5a91: W32.Virut-54 FOUND
clamav: 8f76981f4c3bc6934b4e60947dc5dee5: Worm.Padobot.M FOUND
clamav: 8f9eaa0610289f760268a53d32c45891: Worm.Padobot.M FOUND
clamav: 9008d42078194a8bff397732b3f6b0dc: Trojan.Small-4287 FOUND
clamav: 901ad8c51a01f3c41fce34da5be40762: Trojan.Small-4287 FOUND
clamav: 909995551157a30ee4aa1f7e9234ac7d: Worm.Padobot.M FOUND
clamav: 912a07394596a4a1ce7eedf87f4d5b4a: Trojan.Small-4287 FOUND
clamav: 91321d7c1dca1e6d7226a40390c4c0ce: Worm.Padobot.M FOUND
clamav: 9161ce7dde8ac4b2ad5864556d73dfe1: Trojan.Small-4287 FOUND
clamav: 920340de9fed23df9c6c906fab6c6904: W32.Virut-54 FOUND
clamav: 9276456bf8f5b676ccd60d249e025a11: Worm.Padobot.M FOUND
clamav: 9278fb4e18fdea2ae47409c1b801efef: Worm.Padobot.M FOUND
clamav: 92dc7f26f6858874a48a0db105a26aa4: Worm.Padobot.M FOUND
clamav: 93094c5ea5a47e5c5f3e020f2c434c35: Trojan.SdBot-9861 FOUND
clamav: 94227c2434c418f8d4e8efddf2ef4997: Worm.Padobot.M FOUND
clamav: 949ea433e3544425a4a381c04ce91f55: W32.Virtob FOUND
clamav: 94f7fe0057a87cd2d43e111b474daeea: W32.Virut-54 FOUND
clamav: 96b1cefe23cc3c4b36f0b4a44e73b7f9: Trojan.Small-4287 FOUND
clamav: 9716d7995acc6f6b6b90b992c4e2839d: Worm.Padobot.M FOUND
clamav: 9728f960f1d06ef51f18154b94f9a251: Worm.Padobot.M FOUND
clamav: 973f42be59f4ba90d29a3ac6cb46ddae: Trojan.Small-4287 FOUND
clamav: 975bee04ecf76ae445ee324543b512c7: Trojan.Small-4287 FOUND
clamav: 980736e9c9c56c173d60874c02e4b9fc: W32.Virut-54 FOUND
clamav: 98696b25931a4478a4883ab10e4f4092: Worm.Padobot.M FOUND
clamav: 986b59708d2ca33f4c1ad682a5d7a673: Worm.Korgo.N FOUND
clamav: 98ceb9494d9fa9d004f6c344e135dd09: Worm.Padobot.M FOUND
clamav: 98d0ce629323b1ff2c86a261eccb0580: Worm.Korgo.Y FOUND
clamav: 98f313ca067b80f6632ab9d2283df44a: Trojan.Small-4287 FOUND
clamav: 98fd7c8ae91ffdb8500dde57fbbf6479: Trojan.Small-4287 FOUND
clamav: 994930c79ac6aa78fde26c0347ecf85b: Trojan.Small-4287 FOUND
clamav: 997ac29d75dec3888412bd44f3ef8825: W32.Sality FOUND
clamav: 99f842ddfa06c1aaae619b0f5e5718ed: W32.Virut-54 FOUND
clamav: 9a698d1e77a2956fffe363227e47ae12: W32.Sality FOUND
clamav: 9abb8e3c87ffdc2e950de37284c39a77: Trojan.Small-4287 FOUND
clamav: 9b06aa529975037a0f4f25b01e4a815a: Worm.Padobot.M FOUND
clamav: 9d38d4330985f63906d8b495fda6edcf: W32.Virut-54 FOUND
clamav: 9ebcc2e3734661654f86c7f1bdf23a46: Worm.Padobot.M FOUND
clamav: 9ec7939260132245645c9239bf6299da: W32.Virut-54 FOUND
clamav: 9ffd39b395f639bd1a49b8a259c1c42d: Worm.Padobot.M FOUND
clamav: a0139d7ad8c6d91f13b21e85186331c1: Worm.Padobot.P FOUND
clamav: a0b3382fc512764708636a47b53e83ee: W32.Virut-54 FOUND
clamav: a1bc1a2ee91784caeaa3c82e2caa9a5c: W32.Virut-54 FOUND
clamav: a2dd009f25c7a03e4d6a3009784c08ae: Worm.Padobot.N FOUND
clamav: a398cd8ccb5ac1e34b4f61a1e544729f: Worm.Padobot.M FOUND
clamav: a3b799a5c936850f0e0256235254189b: W32.Virut-54 FOUND
clamav: a4140e40321f97b2a070012a514621ce: Worm.Padobot.M FOUND
clamav: a5c75606f9d1b99ffebb45046705b15c: Trojan.Small-4287 FOUND
clamav: a68b5c594ec643f887cadcd7b35399d8: Worm.Padobot.M FOUND
clamav: a8300a221ad7d0efc52217e3dfbd8b10: Worm.Padobot.M FOUND
clamav: a8cf903c2f2874ddff3060078066aa01: Trojan.Small-4287 FOUND
clamav: a8d332a66300d66219677b3b832e03ae: Worm.Padobot.M FOUND
clamav: a93c741fa9599c68dbf83b7aad9ed84e: Worm.Padobot.M FOUND
clamav: a953bc869d5f57f1e08dd2bf64608c25: Worm.Padobot.M FOUND
clamav: aa25b4e779f077d3b0831367cf4447f0: Trojan.Small-4287 FOUND
clamav: aad01847fa3d80fa19e5ade6a770f7ad: W32.Virut-54 FOUND
clamav: aae67a4be2e70a0830ab8d528a042c6a: Worm.Padobot.M FOUND
clamav: ac116516ffd81c1c6e29cf925799863e: W32.Virut-54 FOUND
clamav: ac4721eddd9d641ee07157ef52e2d7fd: W32.Virut-54 FOUND
clamav: ad1f1d9a941a1f1c46c0afcd83e4bb8c: Worm.Padobot.M FOUND
clamav: adfe35bb0ffc5edd8c9d584142634e74: W32.Virut-54 FOUND
clamav: ae5616f7d90010d68eaae3992cfdb9c5: Worm.Padobot.M FOUND
clamav: aecf134bd4447a09f1483a3d65ec141f: Worm.Padobot.M FOUND
clamav: af3bf7fbe6ee2059aa42070eb3c250c5: Worm.Padobot.M FOUND
clamav: af614537c17e4039b7a3c8b638975315: Worm.Padobot.N FOUND
clamav: afba2e4e30bbacdc4a47163af60e80a6: Worm.Padobot.M FOUND
clamav: afd558f264339403f73868a8af6667c7: Worm.Padobot.M FOUND
clamav: b04949bca000ea48adb7f1ee3f2d671c: Worm.Padobot.M FOUND
clamav: b06ad24f3054e8d11d127aa9b12a0d20: Worm.Padobot.M FOUND
clamav: b0702afca8b3e607441f74a61951b9d6: Worm.Padobot.M FOUND
clamav: b0d6d69131c00974b7af161818e8442c: Worm.Padobot.N FOUND
clamav: b230155a3cb9a8142b8302e9d6cc37d4: Worm.Padobot.M FOUND
clamav: b269b15ffd9ca42e72551748d94914bb: Trojan.Small-4287 FOUND
clamav: b27aba481ac1fca0c85bae865f23d471: Worm.Padobot.M FOUND
clamav: b303cae6297fe83a82773ab54e1ace43: Worm.Padobot.M FOUND
clamav: b3ed00d0dbd7ce3f2f77d2d7f18ebcbc: W32.Virut-54 FOUND
clamav: b4ee7b38d4aa3e9c2be845f9e761d43b: Worm.Padobot.M FOUND
clamav: b502f83a7c9b237018a9e24485af2b79: Worm.Korgo.Y FOUND
clamav: b708a712d85a3d2c217581d150bfac7d: Worm.Padobot.M FOUND
clamav: b76758d4ca26eb10182b51a74da5c2f4: Worm.Padobot.M FOUND
clamav: b7805b2086f2f253753cc21eaaa6a461: Trojan.Small-4287 FOUND
clamav: b7d4035f0f185539de83b9febb4eb779: Worm.Padobot.M FOUND
clamav: b8ca4c162978112f5ff7088130fdd1f9: W32.Virut-54 FOUND
clamav: b9268b2395a3cfbed5dcc4a8a4432d35: W32.Virut-54 FOUND
clamav: b96f4d20a1f7dd3d6c24f735836e4bac: W32.Virut-54 FOUND
clamav: b9afbb331d33ffe5c487a8ad8d659d9b: Worm.Padobot.M FOUND
clamav: ba5fa1589ff06cb142c38a31357843de: W32.Virut-54 FOUND
clamav: baf2a4fdd82def72fe0d8a111164d042: Worm.Padobot.N FOUND
clamav: baf4d35abbe2dee2fab194ee73a0af23: Worm.Padobot.M FOUND
clamav: bb39f29fad85db12d9cf7195da0e1bfe: Trojan.SdBot-9861 FOUND
clamav: bb460ddce2712ab59465972d01999b28: Worm.Padobot.M FOUND
clamav: bb961312a550023d39c45c70071d9535: W32.Virtob FOUND
clamav: bbafbfe1df3d666656a430e97fbbe487: Worm.Padobot.M FOUND
clamav: bbddaed8e06865eb85e87a0577008ff2: Worm.Padobot.M FOUND
clamav: bbfa82b0512e658941e5c05c54700f6f: Trojan.Small-4287 FOUND
clamav: bc82e0d7bd7e99cca16d29e94d946f37: Worm.Padobot.M FOUND
clamav: bcb3ec60f24c71b13afaea068503ded8: Worm.Padobot.M FOUND
clamav: bdd2753a40649a14eee3e630143a3b2f: Worm.Padobot.N FOUND
clamav: bdd9faea30b4e0e8590f7f56124b884f: Trojan.Mybot-5073 FOUND
clamav: bdfc299d040c444ed3b534fa2ab957aa: Trojan.Small-4287 FOUND
clamav: be27c77fb54ef2395a59039af785e4a2: Trojan.Small-4287 FOUND
clamav: c037669883073d8cd24b7c4e04772ee4: Worm.Padobot.M FOUND
clamav: c049e988f2d23c896c2f95b2625d9fc9: W32.Virut-54 FOUND
clamav: c1560bb069e9d864939e620a3389baaf: W32.Virut-54 FOUND
clamav: c1896be14620e6f3d8767b01c5190711: Worm.Padobot.M FOUND
clamav: c19c8a2776b0f0924bef7255564ef66e: Worm.Padobot.P FOUND
clamav: c21d6e1f860d82383fab75fb8f419850: Worm.Padobot.M FOUND
clamav: c230a59ed786940874797f601c7c5c38: W32.Virut-54 FOUND
clamav: c24fb2d9f39e9aab2520350172abb0c2: Worm.Padobot.M FOUND
clamav: c2ac099554594978693143571bc0b33c: Trojan.Small-4287 FOUND
clamav: c332441d98b8f716cf1334e15698ce26: W32.Virut-54 FOUND
clamav: c362a57aea9883c7f6cede903fe09463: Worm.Padobot.M FOUND
clamav: c395795550a4cfa31abc04fe865b7725: W32.Virut-54 FOUND
clamav: c3da398f3e2996f952e1f3df7591706c: Trojan.Mybot-5073 FOUND
clamav: c3f210f80c2e893fd674e1a372c1dda1: Worm.Padobot.M FOUND
clamav: c49a8b215a60186ade8bc890d6ce13ec: Worm.Padobot.N FOUND
clamav: c64e78a29b08b9dc7f17d9ffc5315fbf: W32.Virut-54 FOUND
clamav: c75c73f3c74ee1033db840c69507ce41: W32.Virut-54 FOUND
clamav: c84fd20a4ffc038592a4ccd9a9a5218f: Worm.Padobot.M FOUND
